<?xml version="1.0" encoding="UTF-8"?>
<!-- Generated by org.testng.reporters.JUnitReportReporter -->
<testsuite skipped="0" hostname="CPX-J6F5XSS0KFZ" name="com.accenture.metrolinx.iit.demo.tests.TC_CWS_VerifyLogin" tests="2" failures="0" timestamp="07 Jun 2018 00:07:42 GMT" time="25.650" errors="0">
  <testcase name="testLogin" time="18.652" classname="com.accenture.metrolinx.iit.demo.tests.TC_CWS_VerifyLogin"/>
  <testcase name="testLogin" time="6.998" classname="com.accenture.metrolinx.iit.demo.tests.TC_CWS_VerifyLogin"/>
</testsuite> <!-- com.accenture.metrolinx.iit.demo.tests.TC_CWS_VerifyLogin -->
